2015-11-25 15:37:27.356+0000 INFO  [o.n.s.CommunityNeoServer]: Setting startup timeout to: 120000ms based on 120000
2015-11-25 15:37:27.825+0000 INFO  [o.n.k.InternalAbstractGraphDatabase]: No locking implementation specified, defaulting to 'community'
2015-11-25 15:37:28.026+0000 INFO  [o.n.k.i.DiagnosticsManager]: --- INITIALIZED diagnostics START ---
2015-11-25 15:37:28.029+0000 INFO  [o.n.k.i.DiagnosticsManager]: Neo4j Kernel properties:
2015-11-25 15:37:28.036+0000 INFO  [o.n.k.i.DiagnosticsManager]: org.neo4j.server.webserver.https.keystore.location=data/keystore
2015-11-25 15:37:28.036+0000 INFO  [o.n.k.i.DiagnosticsManager]: org.neo4j.server.db.tuning.properties=conf/neo4j.properties
2015-11-25 15:37:28.036+0000 INFO  [o.n.k.i.DiagnosticsManager]: org.neo4j.server.database.location=data/graph.db
2015-11-25 15:37:28.036+0000 INFO  [o.n.k.i.DiagnosticsManager]: org.neo4j.server.webserver.port=7474
2015-11-25 15:37:28.036+0000 INFO  [o.n.k.i.DiagnosticsManager]: store_dir=/home/shidash/Code/DocumentLoader/db/neo4j/development/data/graph.db
2015-11-25 15:37:28.036+0000 INFO  [o.n.k.i.DiagnosticsManager]: org.neo4j.server.webserver.https.key.location=conf/ssl/snakeoil.key
2015-11-25 15:37:28.036+0000 INFO  [o.n.k.i.DiagnosticsManager]: org.neo4j.server.http.log.config=conf/neo4j-http-logging.xml
2015-11-25 15:37:28.036+0000 INFO  [o.n.k.i.DiagnosticsManager]: dbms.querylog.filename=data/log/queries.log
2015-11-25 15:37:28.037+0000 INFO  [o.n.k.i.DiagnosticsManager]: org.neo4j.server.webserver.https.cert.location=conf/ssl/snakeoil.cert
2015-11-25 15:37:28.037+0000 INFO  [o.n.k.i.DiagnosticsManager]: org.neo4j.server.webserver.https.enabled=true
2015-11-25 15:37:28.037+0000 INFO  [o.n.k.i.DiagnosticsManager]: org.neo4j.server.http.log.enabled=false
2015-11-25 15:37:28.037+0000 INFO  [o.n.k.i.DiagnosticsManager]: org.neo4j.server.webserver.https.port=7473
2015-11-25 15:37:28.037+0000 INFO  [o.n.k.i.DiagnosticsManager]: org.neo4j.server.webadmin.rrdb.location=data/rrd
2015-11-25 15:37:28.037+0000 INFO  [o.n.k.i.DiagnosticsManager]: remote_shell_enabled=true
2015-11-25 15:37:28.037+0000 INFO  [o.n.k.i.DiagnosticsManager]: dbms.security.auth_enabled=false
2015-11-25 15:37:28.040+0000 INFO  [o.n.k.i.DiagnosticsManager]: Diagnostics providers:
2015-11-25 15:37:28.040+0000 INFO  [o.n.k.i.DiagnosticsManager]: org.neo4j.kernel.configuration.Config
2015-11-25 15:37:28.040+0000 INFO  [o.n.k.i.DiagnosticsManager]: org.neo4j.kernel.info.DiagnosticsManager
2015-11-25 15:37:28.040+0000 INFO  [o.n.k.i.DiagnosticsManager]: SYSTEM_MEMORY
2015-11-25 15:37:28.040+0000 INFO  [o.n.k.i.DiagnosticsManager]: JAVA_MEMORY
2015-11-25 15:37:28.040+0000 INFO  [o.n.k.i.DiagnosticsManager]: OPERATING_SYSTEM
2015-11-25 15:37:28.040+0000 INFO  [o.n.k.i.DiagnosticsManager]: JAVA_VIRTUAL_MACHINE
2015-11-25 15:37:28.040+0000 INFO  [o.n.k.i.DiagnosticsManager]: CLASSPATH
2015-11-25 15:37:28.040+0000 INFO  [o.n.k.i.DiagnosticsManager]: LIBRARY_PATH
2015-11-25 15:37:28.041+0000 INFO  [o.n.k.i.DiagnosticsManager]: SYSTEM_PROPERTIES
2015-11-25 15:37:28.041+0000 INFO  [o.n.k.i.DiagnosticsManager]: LINUX_SCHEDULERS
2015-11-25 15:37:28.041+0000 INFO  [o.n.k.i.DiagnosticsManager]: NETWORK
2015-11-25 15:37:28.042+0000 INFO  [o.n.k.i.DiagnosticsManager]: System memory information:
2015-11-25 15:37:28.064+0000 INFO  [o.n.k.i.DiagnosticsManager]: Total Physical memory: 1.87 GB
2015-11-25 15:37:28.064+0000 INFO  [o.n.k.i.DiagnosticsManager]: Free Physical memory: 780.16 MB
2015-11-25 15:37:28.065+0000 INFO  [o.n.k.i.DiagnosticsManager]: Committed virtual memory: 763.59 MB
2015-11-25 15:37:28.066+0000 INFO  [o.n.k.i.DiagnosticsManager]: Total swap space: 3.79 GB
2015-11-25 15:37:28.066+0000 INFO  [o.n.k.i.DiagnosticsManager]: Free swap space: 3.79 GB
2015-11-25 15:37:28.067+0000 INFO  [o.n.k.i.DiagnosticsManager]: JVM memory information:
2015-11-25 15:37:28.067+0000 INFO  [o.n.k.i.DiagnosticsManager]: Free  memory: 10.79 MB
2015-11-25 15:37:28.068+0000 INFO  [o.n.k.i.DiagnosticsManager]: Total memory: 29.00 MB
2015-11-25 15:37:28.068+0000 INFO  [o.n.k.i.DiagnosticsManager]: Max   memory: 499.25 MB
2015-11-25 15:37:28.089+0000 INFO  [o.n.k.i.DiagnosticsManager]: Garbage Collector: ParNew: [Par Eden Space, Par Survivor Space]
2015-11-25 15:37:28.089+0000 INFO  [o.n.k.i.DiagnosticsManager]: Garbage Collector: ConcurrentMarkSweep: [Par Eden Space, Par Survivor Space, CMS Old Gen, CMS Perm Gen]
2015-11-25 15:37:28.091+0000 INFO  [o.n.k.i.DiagnosticsManager]: Memory Pool: Code Cache (Non-heap memory): committed=2.25 MB, used=511.69 kB, max=48.00 MB, threshold=0.00 B
2015-11-25 15:37:28.091+0000 INFO  [o.n.k.i.DiagnosticsManager]: Memory Pool: Par Eden Space (Heap memory): committed=8.00 MB, used=5.69 MB, max=102.50 MB, threshold=?
2015-11-25 15:37:28.092+0000 INFO  [o.n.k.i.DiagnosticsManager]: Memory Pool: Par Survivor Space (Heap memory): committed=1.00 MB, used=1.00 MB, max=12.75 MB, threshold=?
2015-11-25 15:37:28.093+0000 INFO  [o.n.k.i.DiagnosticsManager]: Memory Pool: CMS Old Gen (Heap memory): committed=20.00 MB, used=11.52 MB, max=384.00 MB, threshold=0.00 B
2015-11-25 15:37:28.093+0000 INFO  [o.n.k.i.DiagnosticsManager]: Memory Pool: CMS Perm Gen (Non-heap memory): committed=16.00 MB, used=8.89 MB, max=128.00 MB, threshold=0.00 B
2015-11-25 15:37:28.094+0000 INFO  [o.n.k.i.DiagnosticsManager]: Operating system information:
2015-11-25 15:37:28.095+0000 INFO  [o.n.k.i.DiagnosticsManager]: Operating System: Linux; version: 3.16.0-4-686-pae; arch: i386; cpus: 2
2015-11-25 15:37:28.096+0000 INFO  [o.n.k.i.DiagnosticsManager]: Max number of file descriptors: 65536
2015-11-25 15:37:28.096+0000 INFO  [o.n.k.i.DiagnosticsManager]: Number of open file descriptors: 80
2015-11-25 15:37:28.096+0000 INFO  [o.n.k.i.DiagnosticsManager]: Process id: 21566@kino
2015-11-25 15:37:28.096+0000 INFO  [o.n.k.i.DiagnosticsManager]: Byte order: LITTLE_ENDIAN
2015-11-25 15:37:28.097+0000 INFO  [o.n.k.i.DiagnosticsManager]: Local timezone: US/Eastern
2015-11-25 15:37:28.097+0000 INFO  [o.n.k.i.DiagnosticsManager]: JVM information:
2015-11-25 15:37:28.097+0000 INFO  [o.n.k.i.DiagnosticsManager]: VM Name: OpenJDK Server VM
2015-11-25 15:37:28.097+0000 INFO  [o.n.k.i.DiagnosticsManager]: VM Vendor: Oracle Corporation
2015-11-25 15:37:28.097+0000 INFO  [o.n.k.i.DiagnosticsManager]: VM Version: 24.79-b02
2015-11-25 15:37:28.099+0000 INFO  [o.n.k.i.DiagnosticsManager]: JIT compiler: HotSpot Tiered Compilers
2015-11-25 15:37:28.100+0000 INFO  [o.n.k.i.DiagnosticsManager]: VM Arguments: [-XX:+DisableExplicitGC, -Dorg.neo4j.server.properties=conf/neo4j-server.properties, -Djava.util.logging.config.file=conf/logging.properties, -XX:+UseConcMarkSweepGC, -XX:+CMSClassUnloadingEnabled, -XX:-OmitStackTraceInFastThrow, -XX:hashCode=5, -Dneo4j.ext.udc.source=tarball, -Dneo4j.home=/home/shidash/Code/DocumentLoader/db/neo4j/development, -Dneo4j.instance=/home/shidash/Code/DocumentLoader/db/neo4j/development, -Dfile.encoding=UTF-8]
2015-11-25 15:37:28.100+0000 INFO  [o.n.k.i.DiagnosticsManager]: Java classpath:
2015-11-25 15:37:28.104+0000 INFO  [o.n.k.i.DiagnosticsManager]:  [classpath + loader.0] file:/home/shidash/Code/DocumentLoader/db/neo4j/development/system/lib/javax.servlet-api-3.1.0.jar
2015-11-25 15:37:28.104+0000 INFO  [o.n.k.i.DiagnosticsManager]:  [classpath + loader.0] file:/home/shidash/Code/DocumentLoader/db/neo4j/development/lib/neo4j-primitive-collections-2.2.7.jar
2015-11-25 15:37:28.104+0000 INFO  [o.n.k.i.DiagnosticsManager]:  [classpath + loader.0] file:/home/shidash/Code/DocumentLoader/db/neo4j/development/system/lib/janino-2.6.1.jar
2015-11-25 15:37:28.104+0000 INFO  [o.n.k.i.DiagnosticsManager]:  [bootstrap] /usr/lib/jvm/java-7-openjdk-i386/jre/classes
2015-11-25 15:37:28.104+0000 INFO  [o.n.k.i.DiagnosticsManager]:  [classpath + loader.0] file:/home/shidash/Code/DocumentLoader/db/neo4j/development/system/lib/commons-lang-2.6.jar
2015-11-25 15:37:28.104+0000 INFO  [o.n.k.i.DiagnosticsManager]:  [classpath + loader.0] file:/home/shidash/Code/DocumentLoader/db/neo4j/development/lib/neo4j-import-tool-2.2.7.jar
2015-11-25 15:37:28.104+0000 INFO  [o.n.k.i.DiagnosticsManager]:  [loader.1] file:/usr/lib/jvm/java-7-openjdk-i386/jre/lib/ext/dnsns.jar
2015-11-25 15:37:28.104+0000 INFO  [o.n.k.i.DiagnosticsManager]:  [classpath + loader.0] file:/home/shidash/Code/DocumentLoader/db/neo4j/development/system/lib/jsr311-api-1.1.2.r612.jar
2015-11-25 15:37:28.104+0000 INFO  [o.n.k.i.DiagnosticsManager]:  [classpath + loader.0] file:/home/shidash/Code/DocumentLoader/db/neo4j/development/system/lib/logback-core-1.1.2.jar
2015-11-25 15:37:28.104+0000 INFO  [o.n.k.i.DiagnosticsManager]:  [classpath + loader.0] file:/home/shidash/Code/DocumentLoader/db/neo4j/development/system/lib/jetty-security-9.2.4.v20141103.jar
2015-11-25 15:37:28.104+0000 INFO  [o.n.k.i.DiagnosticsManager]:  [classpath + loader.0] file:/home/shidash/Code/DocumentLoader/db/neo4j/development/system/lib/jackson-core-asl-1.9.13.jar
2015-11-25 15:37:28.105+0000 INFO  [o.n.k.i.DiagnosticsManager]:  [classpath + loader.0] file:/home/shidash/Code/DocumentLoader/db/neo4j/development/system/lib/jersey-server-1.19.jar
2015-11-25 15:37:28.105+0000 INFO  [o.n.k.i.DiagnosticsManager]:  [classpath + loader.0] file:/home/shidash/Code/DocumentLoader/db/neo4j/development/lib/scala-library-2.10.5.jar
2015-11-25 15:37:28.105+0000 INFO  [o.n.k.i.DiagnosticsManager]:  [classpath + loader.0] file:/home/shidash/Code/DocumentLoader/db/neo4j/development/lib/neo4j-shell-2.2.7.jar
2015-11-25 15:37:28.105+0000 INFO  [o.n.k.i.DiagnosticsManager]:  [classpath + loader.0] file:/home/shidash/Code/DocumentLoader/db/neo4j/development/system/lib/jetty-util-9.2.4.v20141103.jar
2015-11-25 15:37:28.105+0000 INFO  [o.n.k.i.DiagnosticsManager]:  [classpath + loader.0] file:/home/shidash/Code/DocumentLoader/db/neo4j/development/system/lib/mimepull-1.9.3.jar
2015-11-25 15:37:28.105+0000 INFO  [o.n.k.i.DiagnosticsManager]:  [bootstrap] /usr/lib/jvm/java-7-openjdk-i386/jre/lib/jsse.jar
2015-11-25 15:37:28.105+0000 INFO  [o.n.k.i.DiagnosticsManager]:  [classpath + loader.0] file:/home/shidash/Code/DocumentLoader/db/neo4j/development/system/lib/neo4j-server-2.2.7.jar
2015-11-25 15:37:28.105+0000 INFO  [o.n.k.i.DiagnosticsManager]:  [classpath + loader.0] file:/home/shidash/Code/DocumentLoader/db/neo4j/development/system/lib/jetty-io-9.2.4.v20141103.jar
2015-11-25 15:37:28.105+0000 INFO  [o.n.k.i.DiagnosticsManager]:  [classpath + loader.0] file:/home/shidash/Code/DocumentLoader/db/neo4j/development/system/lib/commons-logging-1.1.1.jar
2015-11-25 15:37:28.105+0000 INFO  [o.n.k.i.DiagnosticsManager]:  [classpath + loader.0] file:/home/shidash/Code/DocumentLoader/db/neo4j/development/system/lib/jackson-mapper-asl-1.9.13.jar
2015-11-25 15:37:28.105+0000 INFO  [o.n.k.i.DiagnosticsManager]:  [classpath + loader.0] file:/home/shidash/Code/DocumentLoader/db/neo4j/development/lib/neo4j-cypher-compiler-2.0-2.0.4.jar
2015-11-25 15:37:28.105+0000 INFO  [o.n.k.i.DiagnosticsManager]:  [bootstrap] /usr/lib/jvm/java-7-openjdk-i386/jre/lib/rt.jar
2015-11-25 15:37:28.105+0000 INFO  [o.n.k.i.DiagnosticsManager]:  [classpath + loader.0] file:/home/shidash/Code/DocumentLoader/db/neo4j/development/system/lib/commons-digester-2.1.jar
2015-11-25 15:37:28.105+0000 INFO  [o.n.k.i.DiagnosticsManager]:  [classpath + loader.0] file:/home/shidash/Code/DocumentLoader/db/neo4j/development/system/lib/jetty-xml-9.2.4.v20141103.jar
2015-11-25 15:37:28.106+0000 INFO  [o.n.k.i.DiagnosticsManager]:  [classpath + loader.0] file:/home/shidash/Code/DocumentLoader/db/neo4j/development/system/lib/jcl-over-slf4j-1.7.7.jar
2015-11-25 15:37:28.106+0000 INFO  [o.n.k.i.DiagnosticsManager]:  [classpath + loader.0] file:/home/shidash/Code/DocumentLoader/db/neo4j/development/system/lib/jetty-webapp-9.2.4.v20141103.jar
2015-11-25 15:37:28.106+0000 INFO  [o.n.k.i.DiagnosticsManager]:  [classpath + loader.0] file:/home/shidash/Code/DocumentLoader/db/neo4j/development/lib/opencsv-2.3.jar
2015-11-25 15:37:28.106+0000 INFO  [o.n.k.i.DiagnosticsManager]:  [classpath + loader.0] file:/home/shidash/Code/DocumentLoader/db/neo4j/development/lib/lucene-core-3.6.2.jar
2015-11-25 15:37:28.106+0000 INFO  [o.n.k.i.DiagnosticsManager]:  [classpath + loader.0] file:/home/shidash/Code/DocumentLoader/db/neo4j/development/conf/
2015-11-25 15:37:28.106+0000 INFO  [o.n.k.i.DiagnosticsManager]:  [classpath + loader.0] file:/home/shidash/Code/DocumentLoader/db/neo4j/development/system/lib/bcprov-jdk16-140.jar
2015-11-25 15:37:28.106+0000 INFO  [o.n.k.i.DiagnosticsManager]:  [classpath + loader.0] file:/home/shidash/Code/DocumentLoader/db/neo4j/development/lib/neo4j-cypher-compiler-2.1-2.1.8.jar
2015-11-25 15:37:28.106+0000 INFO  [o.n.k.i.DiagnosticsManager]:  [classpath + loader.0] file:/home/shidash/Code/DocumentLoader/db/neo4j/development/lib/concurrentlinkedhashmap-lru-1.4.jar
2015-11-25 15:37:28.106+0000 INFO  [o.n.k.i.DiagnosticsManager]:  [bootstrap] /usr/lib/jvm/java-7-openjdk-i386/jre/lib/charsets.jar
2015-11-25 15:37:28.106+0000 INFO  [o.n.k.i.DiagnosticsManager]:  [loader.1] file:/usr/lib/jvm/java-7-openjdk-i386/jre/lib/ext/sunpkcs11.jar
2015-11-25 15:37:28.106+0000 INFO  [o.n.k.i.DiagnosticsManager]:  [bootstrap] /usr/lib/jvm/java-7-openjdk-i386/jre/lib/sunrsasign.jar
2015-11-25 15:37:28.106+0000 INFO  [o.n.k.i.DiagnosticsManager]:  [loader.1] file:/usr/lib/jvm/java-7-openjdk-i386/jre/lib/ext/zipfs.jar
2015-11-25 15:37:28.106+0000 INFO  [o.n.k.i.DiagnosticsManager]:  [classpath + loader.0] file:/home/shidash/Code/DocumentLoader/db/neo4j/development/system/lib/jetty-server-9.2.4.v20141103.jar
2015-11-25 15:37:28.107+0000 INFO  [o.n.k.i.DiagnosticsManager]:  [classpath + loader.0] file:/home/shidash/Code/DocumentLoader/db/neo4j/development/system/lib/commons-compiler-2.6.1.jar
2015-11-25 15:37:28.107+0000 INFO  [o.n.k.i.DiagnosticsManager]:  [classpath + loader.0] file:/home/shidash/Code/DocumentLoader/db/neo4j/development/lib/neo4j-lucene-index-2.2.7.jar
2015-11-25 15:37:28.107+0000 INFO  [o.n.k.i.DiagnosticsManager]:  [classpath + loader.0] file:/home/shidash/Code/DocumentLoader/db/neo4j/development/system/lib/jetty-http-9.2.4.v20141103.jar
2015-11-25 15:37:28.107+0000 INFO  [o.n.k.i.DiagnosticsManager]:  [classpath + loader.0] file:/home/shidash/Code/DocumentLoader/db/neo4j/development/lib/parboiled-core-1.1.7.jar
2015-11-25 15:37:28.107+0000 INFO  [o.n.k.i.DiagnosticsManager]:  [classpath + loader.0] file:/home/shidash/Code/DocumentLoader/db/neo4j/development/system/lib/jersey-multipart-1.19.jar
2015-11-25 15:37:28.107+0000 INFO  [o.n.k.i.DiagnosticsManager]:  [classpath + loader.0] file:/home/shidash/Code/DocumentLoader/db/neo4j/development/lib/neo4j-cypher-compiler-1.9-2.0.4.jar
2015-11-25 15:37:28.107+0000 INFO  [o.n.k.i.DiagnosticsManager]:  [classpath + loader.0] file:/home/shidash/Code/DocumentLoader/db/neo4j/development/lib/neo4j-csv-2.2.7.jar
2015-11-25 15:37:28.107+0000 INFO  [o.n.k.i.DiagnosticsManager]:  [loader.1] file:/usr/lib/jvm/java-7-openjdk-i386/jre/lib/ext/sunjce_provider.jar
2015-11-25 15:37:28.107+0000 INFO  [o.n.k.i.DiagnosticsManager]:  [classpath + loader.0] file:/home/shidash/Code/DocumentLoader/db/neo4j/development/system/lib/neo4j-server-2.2.7-static-web.jar
2015-11-25 15:37:28.107+0000 INFO  [o.n.k.i.DiagnosticsManager]:  [classpath + loader.0] file:/home/shidash/Code/DocumentLoader/db/neo4j/development/system/lib/commons-beanutils-1.8.3.jar
2015-11-25 15:37:28.107+0000 INFO  [o.n.k.i.DiagnosticsManager]:  [classpath + loader.0] file:/home/shidash/Code/DocumentLoader/db/neo4j/development/lib/neo4j-kernel-2.2.7.jar
2015-11-25 15:37:28.107+0000 INFO  [o.n.k.i.DiagnosticsManager]:  [classpath + loader.0] file:/home/shidash/Code/DocumentLoader/db/neo4j/development/lib/neo4j-consistency-check-2.2.7.jar
2015-11-25 15:37:28.107+0000 INFO  [o.n.k.i.DiagnosticsManager]:  [classpath + loader.0] file:/home/shidash/Code/DocumentLoader/db/neo4j/development/system/lib/scala-reflect-2.10.5.jar
2015-11-25 15:37:28.107+0000 INFO  [o.n.k.i.DiagnosticsManager]:  [classpath + loader.0] file:/home/shidash/Code/DocumentLoader/db/neo4j/development/lib/neo4j-udc-2.2.7.jar
2015-11-25 15:37:28.108+0000 INFO  [o.n.k.i.DiagnosticsManager]:  [classpath + loader.0] file:/home/shidash/Code/DocumentLoader/db/neo4j/development/lib/neo4j-jmx-2.2.7.jar
2015-11-25 15:37:28.108+0000 INFO  [o.n.k.i.DiagnosticsManager]:  [classpath + loader.0] file:/home/shidash/Code/DocumentLoader/db/neo4j/development/system/lib/slf4j-api-1.7.7.jar
2015-11-25 15:37:28.108+0000 INFO  [o.n.k.i.DiagnosticsManager]:  [bootstrap] /usr/lib/jvm/java-7-openjdk-i386/jre/lib/jce.jar
2015-11-25 15:37:28.108+0000 INFO  [o.n.k.i.DiagnosticsManager]:  [classpath + loader.0] file:/home/shidash/Code/DocumentLoader/db/neo4j/development/system/lib/logback-access-1.1.2.jar
2015-11-25 15:37:28.108+0000 INFO  [o.n.k.i.DiagnosticsManager]:  [classpath + loader.0] file:/home/shidash/Code/DocumentLoader/db/neo4j/development/system/lib/commons-configuration-1.10.jar
2015-11-25 15:37:28.108+0000 INFO  [o.n.k.i.DiagnosticsManager]:  [loader.1] file:/usr/lib/jvm/java-7-openjdk-i386/jre/lib/ext/localedata.jar
2015-11-25 15:37:28.108+0000 INFO  [o.n.k.i.DiagnosticsManager]:  [classpath + loader.0] file:/home/shidash/Code/DocumentLoader/db/neo4j/development/lib/parboiled-scala_2.10-1.1.7.jar
2015-11-25 15:37:28.109+0000 INFO  [o.n.k.i.DiagnosticsManager]:  [classpath + loader.0] file:/home/shidash/Code/DocumentLoader/db/neo4j/development/lib/neo4j-io-2.2.7.jar
2015-11-25 15:37:28.109+0000 INFO  [o.n.k.i.DiagnosticsManager]:  [classpath + loader.0] file:/home/shidash/Code/DocumentLoader/db/neo4j/development/system/lib/rrd4j-2.2.jar
2015-11-25 15:37:28.109+0000 INFO  [o.n.k.i.DiagnosticsManager]:  [classpath + loader.0] file:/home/shidash/Code/DocumentLoader/db/neo4j/development/lib/neo4j-unsafe-2.2.7.jar
2015-11-25 15:37:28.110+0000 INFO  [o.n.k.i.DiagnosticsManager]:  [classpath + loader.0] file:/home/shidash/Code/DocumentLoader/db/neo4j/development/lib/neo4j-cypher-compiler-2.2-2.2.7.jar
2015-11-25 15:37:28.111+0000 INFO  [o.n.k.i.DiagnosticsManager]:  [classpath + loader.0] file:/home/shidash/Code/DocumentLoader/db/neo4j/development/lib/neo4j-graph-algo-2.2.7.jar
2015-11-25 15:37:28.111+0000 INFO  [o.n.k.i.DiagnosticsManager]:  [bootstrap] /usr/lib/jvm/java-7-openjdk-i386/jre/lib/resources.jar
2015-11-25 15:37:28.111+0000 INFO  [o.n.k.i.DiagnosticsManager]:  [loader.1] file:/usr/lib/jvm/java-7-openjdk-i386/jre/lib/ext/java-atk-wrapper.jar
2015-11-25 15:37:28.111+0000 INFO  [o.n.k.i.DiagnosticsManager]:  [classpath + loader.0] file:/home/shidash/Code/DocumentLoader/db/neo4j/development/system/lib/jackson-jaxrs-1.9.13.jar
2015-11-25 15:37:28.111+0000 INFO  [o.n.k.i.DiagnosticsManager]:  [classpath + loader.0] file:/home/shidash/Code/DocumentLoader/db/neo4j/development/system/lib/jersey-core-1.19.jar
2015-11-25 15:37:28.111+0000 INFO  [o.n.k.i.DiagnosticsManager]:  [classpath + loader.0] file:/home/shidash/Code/DocumentLoader/db/neo4j/development/system/lib/logback-classic-1.1.2.jar
2015-11-25 15:37:28.111+0000 INFO  [o.n.k.i.DiagnosticsManager]:  [bootstrap] /usr/lib/jvm/java-7-openjdk-i386/jre/lib/rhino.jar
2015-11-25 15:37:28.111+0000 INFO  [o.n.k.i.DiagnosticsManager]:  [bootstrap] /usr/lib/jvm/java-7-openjdk-i386/jre/lib/jfr.jar
2015-11-25 15:37:28.111+0000 INFO  [o.n.k.i.DiagnosticsManager]:  [loader.1] file:/usr/lib/jvm/java-7-openjdk-i386/jre/lib/ext/icedtea-sound.jar
2015-11-25 15:37:28.111+0000 INFO  [o.n.k.i.DiagnosticsManager]:  [classpath + loader.0] file:/home/shidash/Code/DocumentLoader/db/neo4j/development/lib/neo4j-cypher-2.2.7.jar
2015-11-25 15:37:28.111+0000 INFO  [o.n.k.i.DiagnosticsManager]:  [loader.1] file:/usr/lib/i386-linux-gnu/jni/libatk-wrapper.so.0.0.13
2015-11-25 15:37:28.111+0000 INFO  [o.n.k.i.DiagnosticsManager]:  [classpath + loader.0] file:/home/shidash/Code/DocumentLoader/db/neo4j/development/system/lib/jersey-servlet-1.19.jar
2015-11-25 15:37:28.111+0000 INFO  [o.n.k.i.DiagnosticsManager]:  [classpath + loader.0] file:/home/shidash/Code/DocumentLoader/db/neo4j/development/system/lib/commons-io-2.4.jar
2015-11-25 15:37:28.112+0000 INFO  [o.n.k.i.DiagnosticsManager]:  [classpath + loader.0] file:/home/shidash/Code/DocumentLoader/db/neo4j/development/lib/server-api-2.2.7.jar
2015-11-25 15:37:28.112+0000 INFO  [o.n.k.i.DiagnosticsManager]:  [classpath + loader.0] file:/home/shidash/Code/DocumentLoader/db/neo4j/development/system/lib/rhino-1.7R4.jar
2015-11-25 15:37:28.112+0000 INFO  [o.n.k.i.DiagnosticsManager]:  [classpath + loader.0] file:/home/shidash/Code/DocumentLoader/db/neo4j/development/lib/org.apache.servicemix.bundles.jline-0.9.94_1.jar
2015-11-25 15:37:28.112+0000 INFO  [o.n.k.i.DiagnosticsManager]:  [classpath + loader.0] file:/home/shidash/Code/DocumentLoader/db/neo4j/development/system/lib/neo4j-browser-2.2.7.jar
2015-11-25 15:37:28.112+0000 INFO  [o.n.k.i.DiagnosticsManager]:  [classpath + loader.0] file:/home/shidash/Code/DocumentLoader/db/neo4j/development/system/lib/jetty-servlet-9.2.4.v20141103.jar
2015-11-25 15:37:28.112+0000 INFO  [o.n.k.i.DiagnosticsManager]:  [classpath + loader.0] file:/home/shidash/Code/DocumentLoader/db/neo4j/development/lib/neo4j-graph-matching-2.2.7.jar
2015-11-25 15:37:28.112+0000 INFO  [o.n.k.i.DiagnosticsManager]: Library path:
2015-11-25 15:37:28.112+0000 INFO  [o.n.k.i.DiagnosticsManager]: /usr/java/packages/lib/i386
2015-11-25 15:37:28.112+0000 INFO  [o.n.k.i.DiagnosticsManager]: /usr/lib/i386-linux-gnu/jni
2015-11-25 15:37:28.113+0000 INFO  [o.n.k.i.DiagnosticsManager]: /lib/i386-linux-gnu
2015-11-25 15:37:28.113+0000 INFO  [o.n.k.i.DiagnosticsManager]: /usr/lib/i386-linux-gnu
2015-11-25 15:37:28.113+0000 INFO  [o.n.k.i.DiagnosticsManager]: /usr/lib/jni
2015-11-25 15:37:28.113+0000 INFO  [o.n.k.i.DiagnosticsManager]: /lib
2015-11-25 15:37:28.113+0000 INFO  [o.n.k.i.DiagnosticsManager]: /usr/lib
2015-11-25 15:37:28.113+0000 INFO  [o.n.k.i.DiagnosticsManager]: System.properties:
2015-11-25 15:37:28.114+0000 INFO  [o.n.k.i.DiagnosticsManager]: sun.boot.library.path = /usr/lib/jvm/java-7-openjdk-i386/jre/lib/i386
2015-11-25 15:37:28.114+0000 INFO  [o.n.k.i.DiagnosticsManager]: org.neo4j.server.properties = conf/neo4j-server.properties
2015-11-25 15:37:28.114+0000 INFO  [o.n.k.i.DiagnosticsManager]: path.separator = :
2015-11-25 15:37:28.114+0000 INFO  [o.n.k.i.DiagnosticsManager]: file.encoding.pkg = sun.io
2015-11-25 15:37:28.114+0000 INFO  [o.n.k.i.DiagnosticsManager]: user.country = US
2015-11-25 15:37:28.114+0000 INFO  [o.n.k.i.DiagnosticsManager]: sun.java.launcher = SUN_STANDARD
2015-11-25 15:37:28.114+0000 INFO  [o.n.k.i.DiagnosticsManager]: sun.os.patch.level = unknown
2015-11-25 15:37:28.114+0000 INFO  [o.n.k.i.DiagnosticsManager]: user.dir = /home/shidash/Code/DocumentLoader/db/neo4j/development
2015-11-25 15:37:28.115+0000 INFO  [o.n.k.i.DiagnosticsManager]: neo4j.ext.udc.source = tarball
2015-11-25 15:37:28.115+0000 INFO  [o.n.k.i.DiagnosticsManager]: sun.jnu.encoding = UTF-8
2015-11-25 15:37:28.115+0000 INFO  [o.n.k.i.DiagnosticsManager]: sun.management.compiler = HotSpot Tiered Compilers
2015-11-25 15:37:28.115+0000 INFO  [o.n.k.i.DiagnosticsManager]: user.home = /home/shidash
2015-11-25 15:37:28.115+0000 INFO  [o.n.k.i.DiagnosticsManager]: user.timezone = US/Eastern
2015-11-25 15:37:28.115+0000 INFO  [o.n.k.i.DiagnosticsManager]: file.encoding = UTF-8
2015-11-25 15:37:28.115+0000 INFO  [o.n.k.i.DiagnosticsManager]: user.name = shidash
2015-11-25 15:37:28.115+0000 INFO  [o.n.k.i.DiagnosticsManager]: sun.java.command = org.neo4j.server.Bootstrapper
2015-11-25 15:37:28.115+0000 INFO  [o.n.k.i.DiagnosticsManager]: sun.arch.data.model = 32
2015-11-25 15:37:28.115+0000 INFO  [o.n.k.i.DiagnosticsManager]: user.language = en
2015-11-25 15:37:28.115+0000 INFO  [o.n.k.i.DiagnosticsManager]: awt.toolkit = sun.awt.X11.XToolkit
2015-11-25 15:37:28.115+0000 INFO  [o.n.k.i.DiagnosticsManager]: file.separator = /
2015-11-25 15:37:28.115+0000 INFO  [o.n.k.i.DiagnosticsManager]: sun.io.unicode.encoding = UnicodeLittle
2015-11-25 15:37:28.116+0000 INFO  [o.n.k.i.DiagnosticsManager]: sun.cpu.endian = little
2015-11-25 15:37:28.116+0000 INFO  [o.n.k.i.DiagnosticsManager]: neo4j.instance = /home/shidash/Code/DocumentLoader/db/neo4j/development
2015-11-25 15:37:28.116+0000 INFO  [o.n.k.i.DiagnosticsManager]: neo4j.home = /home/shidash/Code/DocumentLoader/db/neo4j/development
2015-11-25 15:37:28.116+0000 INFO  [o.n.k.i.DiagnosticsManager]: sun.cpu.isalist = 
2015-11-25 15:37:28.116+0000 INFO  [o.n.k.i.DiagnosticsManager]: Linux scheduler information:
2015-11-25 15:37:28.125+0000 INFO  [o.n.k.i.DiagnosticsManager]: noop deadline [cfq] 
2015-11-25 15:37:28.125+0000 INFO  [o.n.k.i.DiagnosticsManager]: none
2015-11-25 15:37:28.125+0000 INFO  [o.n.k.i.DiagnosticsManager]: none
2015-11-25 15:37:28.126+0000 INFO  [o.n.k.i.DiagnosticsManager]: none
2015-11-25 15:37:28.126+0000 INFO  [o.n.k.i.DiagnosticsManager]: none
2015-11-25 15:37:28.126+0000 INFO  [o.n.k.i.DiagnosticsManager]: none
2015-11-25 15:37:28.126+0000 INFO  [o.n.k.i.DiagnosticsManager]: none
2015-11-25 15:37:28.127+0000 INFO  [o.n.k.i.DiagnosticsManager]: noop deadline [cfq] 
2015-11-25 15:37:28.127+0000 INFO  [o.n.k.i.DiagnosticsManager]: noop deadline [cfq] 
2015-11-25 15:37:28.127+0000 INFO  [o.n.k.i.DiagnosticsManager]: noop deadline [cfq] 
2015-11-25 15:37:28.127+0000 INFO  [o.n.k.i.DiagnosticsManager]: Network information:
2015-11-25 15:37:28.129+0000 INFO  [o.n.k.i.DiagnosticsManager]: Interface eth2:
2015-11-25 15:37:28.130+0000 INFO  [o.n.k.i.DiagnosticsManager]:     address: fe80:0:0:0:20a:cdff:fe27:9fc%3
2015-11-25 15:37:28.130+0000 INFO  [o.n.k.i.DiagnosticsManager]:     address: 192.168.2.103
2015-11-25 15:37:28.130+0000 INFO  [o.n.k.i.DiagnosticsManager]: Interface lo:
2015-11-25 15:37:28.130+0000 INFO  [o.n.k.i.DiagnosticsManager]:     address: 0:0:0:0:0:0:0:1%1
2015-11-25 15:37:28.130+0000 INFO  [o.n.k.i.DiagnosticsManager]:     address: 127.0.0.1
2015-11-25 15:37:28.130+0000 INFO  [o.n.k.i.DiagnosticsManager]: --- INITIALIZED diagnostics END ---
2015-11-25 15:37:28.883+0000 INFO  [o.n.k.i.s.StoreFactory]: Creating new db @ /home/shidash/Code/DocumentLoader/db/neo4j/development/data/graph.db/neostore
2015-11-25 15:37:29.714+0000 INFO  [o.n.k.a.i.i.LuceneLabelScanStore]: No lucene scan store index found, this might just be first use. Preparing to rebuild.
2015-11-25 15:37:29.869+0000 INFO  [o.n.k.NeoStoreDataSource]: Opened logical log [/home/shidash/Code/DocumentLoader/db/neo4j/development/data/graph.db/neostore.transaction.db.0] version=0, lastTxId=1 (clean)
2015-11-25 15:37:29.881+0000 WARN  [o.n.k.i.s.StoreFactory]: Missing counts store, rebuilding it.
2015-11-25 15:37:30.029+0000 INFO  [o.n.k.a.i.i.LuceneLabelScanStore]: Rebuilding lucene scan store, this may take a while
2015-11-25 15:37:30.036+0000 INFO  [o.n.k.a.i.i.LuceneLabelScanStore]: Lucene scan store rebuilt (roughly -1 nodes)
2015-11-25 15:37:30.052+0000 INFO  [o.n.k.KernelHealth]: Kernel health set to OK
2015-11-25 15:37:31.805+0000 INFO  [o.n.k.i.DiagnosticsManager]: --- STARTED diagnostics for KernelDiagnostics:Versions START ---
2015-11-25 15:37:31.806+0000 INFO  [o.n.k.i.DiagnosticsManager]: Graph Database: org.neo4j.kernel.EmbeddedGraphDatabase StoreId{creationTime=1448465848882, randomId=8471807167310794475, storeVersion=14969031248344582, upgradeTime=1448465848882, upgradeId=1}
2015-11-25 15:37:31.806+0000 INFO  [o.n.k.i.DiagnosticsManager]: Kernel version: Neo4j - Graph Database Kernel (neo4j-kernel), version: 2.2.7
2015-11-25 15:37:31.806+0000 INFO  [o.n.k.i.DiagnosticsManager]: Neo4j component versions:
2015-11-25 15:37:31.833+0000 INFO  [o.n.k.i.DiagnosticsManager]:   Neo4j - Lucene Index (neo4j-lucene-index), version: 2.2.7; revision: 2.2.7:${git.commit.id.branch}:288/${git.commit.id}
2015-11-25 15:37:31.833+0000 INFO  [o.n.k.i.DiagnosticsManager]:   Neo4j - JMX support (neo4j-jmx), version: 2.2.7; revision: 2.2.7:${git.commit.id.branch}:288/${git.commit.id}
2015-11-25 15:37:31.833+0000 INFO  [o.n.k.i.DiagnosticsManager]:   Neo4j - Graph Matching (neo4j-graph-matching), version: 2.2.7; revision: 2.2.7:${git.commit.id.branch}:288/${git.commit.id}
2015-11-25 15:37:31.833+0000 INFO  [o.n.k.i.DiagnosticsManager]:   Neo4j - Cypher Compiler 2.1 (neo4j-cypher-compiler-2.1), version: 2.1.8; revision: 2.1.8:2.1-maint:687/5c83ce3a5ddf33259593f719153ce71a6fe89fc7
2015-11-25 15:37:31.833+0000 INFO  [o.n.k.i.DiagnosticsManager]:   Neo4j - Server API (server-api), version: 2.2.7; revision: 2.2.7:${git.commit.id.branch}:288/${git.commit.id}
2015-11-25 15:37:31.834+0000 INFO  [o.n.k.i.DiagnosticsManager]:   Neo4j - Import Command Line Tool (neo4j-import-tool), version: 2.2.7; revision: 2.2.7:${git.commit.id.branch}:288/${git.commit.id}
2015-11-25 15:37:31.834+0000 INFO  [o.n.k.i.DiagnosticsManager]:   Neo4j - Graph Database Kernel (neo4j-kernel), version: 2.2.7; revision: 2.2.7:2.2:288/28286ece6673097f20b7ff258fa387772e663f6c-dirty
2015-11-25 15:37:31.834+0000 INFO  [o.n.k.i.DiagnosticsManager]:   Neo4j - Cypher (neo4j-cypher), version: 2.2.7; revision: 2.2.7:${git.commit.id.branch}:288/${git.commit.id}
2015-11-25 15:37:31.834+0000 INFO  [o.n.k.i.DiagnosticsManager]:   Neo4j - Server (neo4j-server), version: 2.2.7; revision: 2.2.7:${git.commit.id.branch}:288/${git.commit.id}
2015-11-25 15:37:31.834+0000 INFO  [o.n.k.i.DiagnosticsManager]:   Neo4j - Graph Algorithms (neo4j-graph-algo), version: 2.2.7; revision: 2.2.7:${git.commit.id.branch}:288/${git.commit.id}
2015-11-25 15:37:31.834+0000 INFO  [o.n.k.i.DiagnosticsManager]:   Neo4j - Cypher Compiler 2.2 (neo4j-cypher-compiler-2.2), version: 2.2.7; revision: 2.2.7:${git.commit.id.branch}:288/${git.commit.id}
2015-11-25 15:37:31.834+0000 INFO  [o.n.k.i.DiagnosticsManager]:   Neo4j - Cypher Compiler 2.0 (neo4j-cypher-compiler-2.0), version: 2.0.4; revision: 2.0.4:2.0-maint:130/4a7d10bc274a5d26a180bbe9df25100e8a694748
2015-11-25 15:37:31.834+0000 INFO  [o.n.k.i.DiagnosticsManager]:   Neo4j - Consistency Checker (neo4j-consistency-check), version: 2.2.7; revision: 2.2.7:${git.commit.id.branch}:288/${git.commit.id}
2015-11-25 15:37:31.834+0000 INFO  [o.n.k.i.DiagnosticsManager]:   Neo4j - Generic shell (neo4j-shell), version: 2.2.7; revision: 2.2.7:${git.commit.id.branch}:288/${git.commit.id}
2015-11-25 15:37:31.834+0000 INFO  [o.n.k.i.DiagnosticsManager]:   Neo4j - Cypher Compiler 1.9 (neo4j-cypher-compiler-1.9), version: 2.0.4; revision: 2.0.4:2.0-maint:130/4a7d10bc274a5d26a180bbe9df25100e8a694748
2015-11-25 15:37:31.834+0000 INFO  [o.n.k.i.DiagnosticsManager]:   neo4j-udc, version: 2.2.7; revision: 2.2.7:${git.commit.id.branch}:288/${git.commit.id}
2015-11-25 15:37:31.835+0000 INFO  [o.n.k.i.DiagnosticsManager]: --- STARTED diagnostics for KernelDiagnostics:Versions END ---
2015-11-25 15:37:31.851+0000 INFO  [o.n.k.i.DiagnosticsManager]: --- STARTED diagnostics for NEO_STORE_VERSIONS START ---
2015-11-25 15:37:31.852+0000 INFO  [o.n.k.i.DiagnosticsManager]: Store versions:
2015-11-25 15:37:31.852+0000 INFO  [o.n.k.i.DiagnosticsManager]: Store versions:
2015-11-25 15:37:31.852+0000 INFO  [o.n.k.i.DiagnosticsManager]:   NeoStore v0.A.5
2015-11-25 15:37:31.852+0000 INFO  [o.n.k.i.DiagnosticsManager]:   SchemaStore v0.A.5
2015-11-25 15:37:31.852+0000 INFO  [o.n.k.i.DiagnosticsManager]:   NodeStore v0.A.5
2015-11-25 15:37:31.853+0000 INFO  [o.n.k.i.DiagnosticsManager]:   RelationshipStore v0.A.5
2015-11-25 15:37:31.853+0000 INFO  [o.n.k.i.DiagnosticsManager]:   RelationshipTypeStore v0.A.5
2015-11-25 15:37:31.853+0000 INFO  [o.n.k.i.DiagnosticsManager]:   LabelTokenStore v0.A.5
2015-11-25 15:37:31.853+0000 INFO  [o.n.k.i.DiagnosticsManager]:   PropertyStore v0.A.5
2015-11-25 15:37:31.853+0000 INFO  [o.n.k.i.DiagnosticsManager]:   PropertyIndexStore v0.A.5
2015-11-25 15:37:31.853+0000 INFO  [o.n.k.i.DiagnosticsManager]:   StringPropertyStore v0.A.5
2015-11-25 15:37:31.853+0000 INFO  [o.n.k.i.DiagnosticsManager]:   ArrayPropertyStore v0.A.5
2015-11-25 15:37:31.853+0000 INFO  [o.n.k.i.DiagnosticsManager]:   RelationshipGroupStore v0.A.5
2015-11-25 15:37:31.853+0000 INFO  [o.n.k.i.DiagnosticsManager]: --- STARTED diagnostics for NEO_STORE_VERSIONS END ---
2015-11-25 15:37:31.853+0000 INFO  [o.n.k.i.DiagnosticsManager]: --- STARTED diagnostics for NEO_STORE_ID_USAGE START ---
2015-11-25 15:37:31.853+0000 INFO  [o.n.k.i.DiagnosticsManager]: Id usage:
2015-11-25 15:37:31.854+0000 INFO  [o.n.k.i.DiagnosticsManager]: Id usage:
2015-11-25 15:37:31.854+0000 INFO  [o.n.k.i.DiagnosticsManager]:   SchemaStore: used=1 high=0
2015-11-25 15:37:31.854+0000 INFO  [o.n.k.i.DiagnosticsManager]:   NodeStore: used=0 high=-1
2015-11-25 15:37:31.854+0000 INFO  [o.n.k.i.DiagnosticsManager]:   RelationshipStore: used=0 high=-1
2015-11-25 15:37:31.854+0000 INFO  [o.n.k.i.DiagnosticsManager]:   RelationshipTypeStore: used=0 high=-1
2015-11-25 15:37:31.855+0000 INFO  [o.n.k.i.DiagnosticsManager]:   LabelTokenStore: used=0 high=-1
2015-11-25 15:37:31.855+0000 INFO  [o.n.k.i.DiagnosticsManager]:   PropertyStore: used=0 high=-1
2015-11-25 15:37:31.855+0000 INFO  [o.n.k.i.DiagnosticsManager]:   PropertyIndexStore: used=0 high=-1
2015-11-25 15:37:31.855+0000 INFO  [o.n.k.i.DiagnosticsManager]:   StringPropertyStore: used=1 high=0
2015-11-25 15:37:31.855+0000 INFO  [o.n.k.i.DiagnosticsManager]:   ArrayPropertyStore: used=1 high=0
2015-11-25 15:37:31.856+0000 INFO  [o.n.k.i.DiagnosticsManager]:   RelationshipGroupStore: used=1 high=0
2015-11-25 15:37:31.856+0000 INFO  [o.n.k.i.DiagnosticsManager]: --- STARTED diagnostics for NEO_STORE_ID_USAGE END ---
2015-11-25 15:37:31.856+0000 INFO  [o.n.k.i.DiagnosticsManager]: --- STARTED diagnostics for NEO_STORE_RECORDS START ---
2015-11-25 15:37:31.856+0000 INFO  [o.n.k.i.DiagnosticsManager]: Neostore records:
2015-11-25 15:37:31.865+0000 INFO  [o.n.k.i.DiagnosticsManager]: TIME (Creation time): 1448465848882
2015-11-25 15:37:31.865+0000 INFO  [o.n.k.i.DiagnosticsManager]: RANDOM_NUMBER (Random number for store id): 8471807167310794475
2015-11-25 15:37:31.865+0000 INFO  [o.n.k.i.DiagnosticsManager]: LOG_VERSION (Current log version): 0
2015-11-25 15:37:31.865+0000 INFO  [o.n.k.i.DiagnosticsManager]: LAST_TRANSACTION_ID (Last committed transaction): 1
2015-11-25 15:37:31.865+0000 INFO  [o.n.k.i.DiagnosticsManager]: STORE_VERSION (Store format version): 14969031248344582
2015-11-25 15:37:31.865+0000 INFO  [o.n.k.i.DiagnosticsManager]: FIRST_GRAPH_PROPERTY (First property record containing graph properties): -1
2015-11-25 15:37:31.865+0000 INFO  [o.n.k.i.DiagnosticsManager]: LAST_CONSTRAINT_TRANSACTION (Last committed transaction containing constraint changes): 0
2015-11-25 15:37:31.865+0000 INFO  [o.n.k.i.DiagnosticsManager]: UPGRADE_TRANSACTION_ID (Transaction id most recent upgrade was performed at): 1
2015-11-25 15:37:31.865+0000 INFO  [o.n.k.i.DiagnosticsManager]: UPGRADE_TIME (Time of last upgrade): 1448465848882
2015-11-25 15:37:31.865+0000 INFO  [o.n.k.i.DiagnosticsManager]: LAST_TRANSACTION_CHECKSUM (Checksum of last committed transaction): 0
2015-11-25 15:37:31.866+0000 INFO  [o.n.k.i.DiagnosticsManager]: UPGRADE_TRANSACTION_CHECKSUM (Checksum of transaction id the most recent upgrade was performed at): 0
2015-11-25 15:37:31.866+0000 INFO  [o.n.k.i.DiagnosticsManager]: --- STARTED diagnostics for NEO_STORE_RECORDS END ---
2015-11-25 15:37:31.866+0000 INFO  [o.n.k.i.DiagnosticsManager]: --- STARTED diagnostics for TRANSACTION_RANGE START ---
2015-11-25 15:37:31.866+0000 INFO  [o.n.k.i.DiagnosticsManager]: Transaction log:
2015-11-25 15:37:31.868+0000 INFO  [o.n.k.i.DiagnosticsManager]: No transactions found in any log
2015-11-25 15:37:31.868+0000 INFO  [o.n.k.i.DiagnosticsManager]: --- STARTED diagnostics for TRANSACTION_RANGE END ---
2015-11-25 15:37:31.871+0000 INFO  [o.n.k.i.DiagnosticsManager]: --- STARTED diagnostics for KernelDiagnostics:StoreFiles START ---
2015-11-25 15:37:31.872+0000 INFO  [o.n.k.i.DiagnosticsManager]: Disk space on partition (Total / Free / Free %): 967880077312 / 903107227648 / 93
Storage files: (filename : modification date - size)
2015-11-25 15:37:31.874+0000 INFO  [o.n.k.i.DiagnosticsManager]:   index:
2015-11-25 15:37:31.875+0000 INFO  [o.n.k.i.DiagnosticsManager]:   - Total: 2015-11-25T10:37:29-0500 - 0.00 B
2015-11-25 15:37:31.875+0000 INFO  [o.n.k.i.DiagnosticsManager]:   lock: 2015-11-25T10:37:29-0500 - 0.00 B
2015-11-25 15:37:31.881+0000 INFO  [o.n.k.i.DiagnosticsManager]:   messages.log: 2015-11-25T10:37:31-0500 - 35.57 kB
2015-11-25 15:37:31.881+0000 INFO  [o.n.k.i.DiagnosticsManager]:   neostore: 2015-11-25T10:37:29-0500 - 99.00 B
2015-11-25 15:37:31.882+0000 INFO  [o.n.k.i.DiagnosticsManager]:   neostore.counts.db.a: 2015-11-25T10:37:30-0500 - 114.00 B
2015-11-25 15:37:31.882+0000 INFO  [o.n.k.i.DiagnosticsManager]:   neostore.id: 2015-11-25T10:37:29-0500 - 9.00 B
2015-11-25 15:37:31.883+0000 INFO  [o.n.k.i.DiagnosticsManager]:   neostore.labeltokenstore.db: 2015-11-25T10:37:29-0500 - 0.00 B
2015-11-25 15:37:31.883+0000 INFO  [o.n.k.i.DiagnosticsManager]:   neostore.labeltokenstore.db.id: 2015-11-25T10:37:29-0500 - 9.00 B
2015-11-25 15:37:31.883+0000 INFO  [o.n.k.i.DiagnosticsManager]:   neostore.labeltokenstore.db.names: 2015-11-25T10:37:29-0500 - 38.00 B
2015-11-25 15:37:31.884+0000 INFO  [o.n.k.i.DiagnosticsManager]:   neostore.labeltokenstore.db.names.id: 2015-11-25T10:37:29-0500 - 9.00 B
2015-11-25 15:37:31.888+0000 INFO  [o.n.k.i.DiagnosticsManager]:   neostore.nodestore.db: 2015-11-25T10:37:29-0500 - 0.00 B
2015-11-25 15:37:31.889+0000 INFO  [o.n.k.i.DiagnosticsManager]:   neostore.nodestore.db.id: 2015-11-25T10:37:29-0500 - 9.00 B
2015-11-25 15:37:31.889+0000 INFO  [o.n.k.i.DiagnosticsManager]:   neostore.nodestore.db.labels: 2015-11-25T10:37:29-0500 - 68.00 B
2015-11-25 15:37:31.890+0000 INFO  [o.n.k.i.DiagnosticsManager]:   neostore.nodestore.db.labels.id: 2015-11-25T10:37:29-0500 - 9.00 B
2015-11-25 15:37:31.890+0000 INFO  [o.n.k.i.DiagnosticsManager]:   neostore.propertystore.db: 2015-11-25T10:37:29-0500 - 0.00 B
2015-11-25 15:37:31.891+0000 INFO  [o.n.k.i.DiagnosticsManager]:   neostore.propertystore.db.arrays: 2015-11-25T10:37:29-0500 - 128.00 B
2015-11-25 15:37:31.897+0000 INFO  [o.n.k.i.DiagnosticsManager]:   neostore.propertystore.db.arrays.id: 2015-11-25T10:37:29-0500 - 9.00 B
2015-11-25 15:37:31.897+0000 INFO  [o.n.k.i.DiagnosticsManager]:   neostore.propertystore.db.id: 2015-11-25T10:37:29-0500 - 9.00 B
2015-11-25 15:37:31.898+0000 INFO  [o.n.k.i.DiagnosticsManager]:   neostore.propertystore.db.index: 2015-11-25T10:37:29-0500 - 0.00 B
2015-11-25 15:37:31.898+0000 INFO  [o.n.k.i.DiagnosticsManager]:   neostore.propertystore.db.index.id: 2015-11-25T10:37:29-0500 - 9.00 B
2015-11-25 15:37:31.898+0000 INFO  [o.n.k.i.DiagnosticsManager]:   neostore.propertystore.db.index.keys: 2015-11-25T10:37:29-0500 - 38.00 B
2015-11-25 15:37:31.899+0000 INFO  [o.n.k.i.DiagnosticsManager]:   neostore.propertystore.db.index.keys.id: 2015-11-25T10:37:29-0500 - 9.00 B
2015-11-25 15:37:31.899+0000 INFO  [o.n.k.i.DiagnosticsManager]:   neostore.propertystore.db.strings: 2015-11-25T10:37:29-0500 - 128.00 B
2015-11-25 15:37:31.900+0000 INFO  [o.n.k.i.DiagnosticsManager]:   neostore.propertystore.db.strings.id: 2015-11-25T10:37:29-0500 - 9.00 B
2015-11-25 15:37:31.900+0000 INFO  [o.n.k.i.DiagnosticsManager]:   neostore.relationshipgroupstore.db: 2015-11-25T10:37:29-0500 - 25.00 B
2015-11-25 15:37:31.900+0000 INFO  [o.n.k.i.DiagnosticsManager]:   neostore.relationshipgroupstore.db.id: 2015-11-25T10:37:29-0500 - 9.00 B
2015-11-25 15:37:31.901+0000 INFO  [o.n.k.i.DiagnosticsManager]:   neostore.relationshipstore.db: 2015-11-25T10:37:29-0500 - 0.00 B
2015-11-25 15:37:31.904+0000 INFO  [o.n.k.i.DiagnosticsManager]:   neostore.relationshipstore.db.id: 2015-11-25T10:37:29-0500 - 9.00 B
2015-11-25 15:37:31.905+0000 INFO  [o.n.k.i.DiagnosticsManager]:   neostore.relationshiptypestore.db: 2015-11-25T10:37:29-0500 - 0.00 B
2015-11-25 15:37:31.905+0000 INFO  [o.n.k.i.DiagnosticsManager]:   neostore.relationshiptypestore.db.id: 2015-11-25T10:37:29-0500 - 9.00 B
2015-11-25 15:37:31.908+0000 INFO  [o.n.k.i.DiagnosticsManager]:   neostore.relationshiptypestore.db.names: 2015-11-25T10:37:29-0500 - 38.00 B
2015-11-25 15:37:31.909+0000 INFO  [o.n.k.i.DiagnosticsManager]:   neostore.relationshiptypestore.db.names.id: 2015-11-25T10:37:29-0500 - 9.00 B
2015-11-25 15:37:31.909+0000 INFO  [o.n.k.i.DiagnosticsManager]:   neostore.schemastore.db: 2015-11-25T10:37:29-0500 - 64.00 B
2015-11-25 15:37:31.910+0000 INFO  [o.n.k.i.DiagnosticsManager]:   neostore.schemastore.db.id: 2015-11-25T10:37:29-0500 - 9.00 B
2015-11-25 15:37:31.910+0000 INFO  [o.n.k.i.DiagnosticsManager]:   neostore.transaction.db.0: 2015-11-25T10:37:29-0500 - 16.00 B
2015-11-25 15:37:31.911+0000 INFO  [o.n.k.i.DiagnosticsManager]:   schema:
2015-11-25 15:37:31.911+0000 INFO  [o.n.k.i.DiagnosticsManager]:     label:
2015-11-25 15:37:31.911+0000 INFO  [o.n.k.i.DiagnosticsManager]:       lucene:
2015-11-25 15:37:31.915+0000 INFO  [o.n.k.i.DiagnosticsManager]:         write.lock: 2015-11-25T10:37:29-0500 - 0.00 B
2015-11-25 15:37:31.916+0000 INFO  [o.n.k.i.DiagnosticsManager]:       - Total: 2015-11-25T10:37:29-0500 - 0.00 B
2015-11-25 15:37:31.916+0000 INFO  [o.n.k.i.DiagnosticsManager]:     - Total: 2015-11-25T10:37:29-0500 - 0.00 B
2015-11-25 15:37:31.917+0000 INFO  [o.n.k.i.DiagnosticsManager]:   - Total: 2015-11-25T10:37:29-0500 - 0.00 B
2015-11-25 15:37:31.917+0000 INFO  [o.n.k.i.DiagnosticsManager]:   store_lock: 2015-11-25T10:37:28-0500 - 0.00 B
2015-11-25 15:37:31.917+0000 INFO  [o.n.k.i.DiagnosticsManager]: --- STARTED diagnostics for KernelDiagnostics:StoreFiles END ---
2015-11-25 15:37:32.070+0000 INFO  [o.n.k.EmbeddedGraphDatabase]: Database is now ready
2015-11-25 15:37:32.070+0000 INFO  [o.n.s.d.LifecycleManagingDatabase]: Successfully started database
2015-11-25 15:37:32.072+0000 INFO  [o.n.k.i.DiagnosticsManager]: --- SERVER STARTED START ---
2015-11-25 15:37:32.245+0000 INFO  [o.n.s.CommunityNeoServer]: Starting HTTP on port :7474 with 2 threads available
2015-11-25 15:37:32.678+0000 INFO  [o.n.s.CommunityNeoServer]: Enabling HTTPS on port :7473
2015-11-25 15:37:32.678+0000 INFO  [o.n.s.CommunityNeoServer]: No SSL certificate found, generating a self-signed certificate..
2015-11-25 15:37:34.280+0000 INFO  [o.n.s.w.Jetty9WebServer]: Mounting static content at [/webadmin] from [webadmin-html]
2015-11-25 15:37:34.399+0000 INFO  [o.n.s.w.Jetty9WebServer]: Mounting static content at [/browser] from [browser]
2015-11-25 15:37:37.660+0000 INFO  [o.n.s.CommunityNeoServer]: Server started on: http://localhost:7474/
2015-11-25 15:37:37.660+0000 INFO  [o.n.s.CommunityNeoServer]: Remote interface ready and available at [http://localhost:7474/]
2015-11-25 15:37:37.662+0000 INFO  [o.n.k.i.DiagnosticsManager]: --- SERVER STARTED END ---
2015-11-25 15:56:46.069+0000 INFO  [o.n.k.i.a.i.IndexPopulationJob]: Index population started: [:Dataset(uuid) [provider: {key=lucene, version=1.0}]]
2015-11-25 15:56:46.135+0000 INFO  [o.n.k.i.a.KernelSchemaStateStore]: Schema state store has been cleared.
2015-11-25 15:56:46.173+0000 INFO  [o.n.k.i.a.i.IndexPopulationJob]: Index population completed. Index is now online: [:Dataset(uuid) [provider: {key=lucene, version=1.0}]]
2015-11-25 15:56:46.295+0000 INFO  [o.n.k.i.a.KernelSchemaStateStore]: Schema state store has been cleared.
